# JRE version: OpenJDK Runtime Environment (8.0_202-b03) (build 1.8.0_202-release-1483-b03)
# Java VM: OpenJDK 64-Bit Server VM (25.202-b03 mixed mode windows-amd64 compressed oops)
Heap:
 PSYoungGen      total 378368K, used 78370K [0x00000000e0000000, 0x00000000f8e80000, 0x0000000100000000)
  eden space 357888K, 21% used [0x00000000e0000000,0x00000000e4c888a8,0x00000000f5d80000)
  from space 20480K, 0% used [0x00000000f7a80000,0x00000000f7a80000,0x00000000f8e80000)
  to   space 25088K, 0% used [0x00000000f5d80000,0x00000000f5d80000,0x00000000f7600000)
 ParOldGen       total 92160K, used 32111K [0x00000000a0000000, 0x00000000a5a00000, 0x00000000e0000000)
  object space 92160K, 34% used [0x00000000a0000000,0x00000000a1f5bce0,0x00000000a5a00000)
 Metaspace       used 59911K, capacity 61486K, committed 61696K, reserved 1101824K
  class space    used 7912K, capacity 8386K, committed 8448K, reserved 1048576K
GC Heap History (10 events):
Event: 87.967 GC heap before
{Heap before GC invocations=7 (full 1):
 PSYoungGen      total 119296K, used 66145K [0x00000000e0000000, 0x00000000eea00000, 0x0000000100000000)
  eden space 114688K, 53% used [0x00000000e0000000,0x00000000e3c1c510,0x00000000e7000000)
  from space 4608K, 99% used [0x00000000e7000000,0x00000000e747c010,0x00000000e7480000)
  to   space 14336K, 0% used [0x00000000edc00000,0x00000000edc00000,0x00000000eea00000)
 ParOldGen       total 51200K, used 16953K [0x00000000a0000000, 0x00000000a3200000, 0x00000000e0000000)
  object space 51200K, 33% used [0x00000000a0000000,0x00000000a108e400,0x00000000a3200000)
 Metaspace       used 34629K, capacity 35226K, committed 35416K, reserved 1079296K
  class space    used 4825K, capacity 5069K, committed 5120K, reserved 1048576K
Event: 88.002 GC heap after
Heap after GC invocations=7 (full 1):
 PSYoungGen      total 218112K, used 11152K [0x00000000e0000000, 0x00000000ee780000, 0x0000000100000000)
  eden space 206336K, 0% used [0x00000000e0000000,0x00000000e0000000,0x00000000ec980000)
  from space 11776K, 94% used [0x00000000edc00000,0x00000000ee6e4288,0x00000000ee780000)
  to   space 15360K, 0% used [0x00000000ec980000,0x00000000ec980000,0x00000000ed880000)
 ParOldGen       total 51200K, used 16961K [0x00000000a0000000, 0x00000000a3200000, 0x00000000e0000000)
  object space 51200K, 33% used [0x00000000a0000000,0x00000000a1090400,0x00000000a3200000)
 Metaspace       used 34629K, capacity 35226K, committed 35416K, reserved 1079296K
  class space    used 4825K, capacity 5069K, committed 5120K, reserved 1048576K
}
Event: 88.002 GC heap before
{Heap before GC invocations=8 (full 2):
 PSYoungGen      total 218112K, used 11152K [0x00000000e0000000, 0x00000000ee780000, 0x0000000100000000)
  eden space 206336K, 0% used [0x00000000e0000000,0x00000000e0000000,0x00000000ec980000)
  from space 11776K, 94% used [0x00000000edc00000,0x00000000ee6e4288,0x00000000ee780000)
  to   space 15360K, 0% used [0x00000000ec980000,0x00000000ec980000,0x00000000ed880000)
 ParOldGen       total 51200K, used 16961K [0x00000000a0000000, 0x00000000a3200000, 0x00000000e0000000)
  object space 51200K, 33% used [0x00000000a0000000,0x00000000a1090400,0x00000000a3200000)
 Metaspace       used 34629K, capacity 35226K, committed 35416K, reserved 1079296K
  class space    used 4825K, capacity 5069K, committed 5120K, reserved 1048576K
Event: 88.132 GC heap after
Heap after GC invocations=8 (full 2):
 PSYoungGen      total 218112K, used 0K [0x00000000e0000000, 0x00000000ee780000, 0x0000000100000000)
  eden space 206336K, 0% used [0x00000000e0000000,0x00000000e0000000,0x00000000ec980000)
  from space 11776K, 0% used [0x00000000edc00000,0x00000000edc00000,0x00000000ee780000)
  to   space 15360K, 0% used [0x00000000ec980000,0x00000000ec980000,0x00000000ed880000)
 ParOldGen       total 66560K, used 18020K [0x00000000a0000000, 0x00000000a4100000, 0x00000000e0000000)
  object space 66560K, 27% used [0x00000000a0000000,0x00000000a11990e8,0x00000000a4100000)
 Metaspace       used 34629K, capacity 35226K, committed 35416K, reserved 1079296K
  class space    used 4825K, capacity 5069K, committed 5120K, reserved 1048576K
}
Event: 112.707 GC heap before
{Heap before GC invocations=9 (full 2):
 PSYoungGen      total 218112K, used 206336K [0x00000000e0000000, 0x00000000ee780000, 0x0000000100000000)
  eden space 206336K, 100% used [0x00000000e0000000,0x00000000ec980000,0x00000000ec980000)
  from space 11776K, 0% used [0x00000000edc00000,0x00000000edc00000,0x00000000ee780000)
  to   space 15360K, 0% used [0x00000000ec980000,0x00000000ec980000,0x00000000ed880000)
 ParOldGen       total 66560K, used 18020K [0x00000000a0000000, 0x00000000a4100000, 0x00000000e0000000)
  object space 66560K, 27% used [0x00000000a0000000,0x00000000a11990e8,0x00000000a4100000)
 Metaspace       used 53124K, capacity 54280K, committed 54400K, reserved 1095680K
  class space    used 7181K, capacity 7533K, committed 7552K, reserved 1048576K
Event: 112.791 GC heap after
Heap after GC invocations=9 (full 2):
 PSYoungGen      total 221696K, used 15358K [0x00000000e0000000, 0x00000000f9100000, 0x0000000100000000)
  eden space 206336K, 0% used [0x00000000e0000000,0x00000000e0000000,0x00000000ec980000)
  from space 15360K, 99% used [0x00000000ec980000,0x00000000ed87fba0,0x00000000ed880000)
  to   space 23040K, 0% used [0x00000000f7a80000,0x00000000f7a80000,0x00000000f9100000)
 ParOldGen       total 66560K, used 28082K [0x00000000a0000000, 0x00000000a4100000, 0x00000000e0000000)
  object space 66560K, 42% used [0x00000000a0000000,0x00000000a1b6cbf0,0x00000000a4100000)
 Metaspace       used 53124K, capacity 54280K, committed 54400K, reserved 1095680K
  class space    used 7181K, capacity 7533K, committed 7552K, reserved 1048576K
}
Event: 138.150 GC heap before
{Heap before GC invocations=10 (full 2):
 PSYoungGen      total 221696K, used 105766K [0x00000000e0000000, 0x00000000f9100000, 0x0000000100000000)
  eden space 206336K, 43% used [0x00000000e0000000,0x00000000e5849ca8,0x00000000ec980000)
  from space 15360K, 99% used [0x00000000ec980000,0x00000000ed87fba0,0x00000000ed880000)
  to   space 23040K, 0% used [0x00000000f7a80000,0x00000000f7a80000,0x00000000f9100000)
 ParOldGen       total 66560K, used 28082K [0x00000000a0000000, 0x00000000a4100000, 0x00000000e0000000)
  object space 66560K, 42% used [0x00000000a0000000,0x00000000a1b6cbf0,0x00000000a4100000)
 Metaspace       used 57543K, capacity 58944K, committed 59028K, reserved 1099776K
  class space    used 7746K, capacity 8161K, committed 8192K, reserved 1048576K
Event: 138.243 GC heap after
Heap after GC invocations=10 (full 2):
 PSYoungGen      total 378368K, used 18398K [0x00000000e0000000, 0x00000000f8e80000, 0x0000000100000000)
  eden space 357888K, 0% used [0x00000000e0000000,0x00000000e0000000,0x00000000f5d80000)
  from space 20480K, 89% used [0x00000000f7a80000,0x00000000f8c77aa0,0x00000000f8e80000)
  to   space 25088K, 0% used [0x00000000f5d80000,0x00000000f5d80000,0x00000000f7600000)
 ParOldGen       total 66560K, used 28090K [0x00000000a0000000, 0x00000000a4100000, 0x00000000e0000000)
  object space 66560K, 42% used [0x00000000a0000000,0x00000000a1b6ebf0,0x00000000a4100000)
 Metaspace       used 57543K, capacity 58944K, committed 59028K, reserved 1099776K
  class space    used 7746K, capacity 8161K, committed 8192K, reserved 1048576K
}
Event: 138.243 GC heap before
{Heap before GC invocations=11 (full 3):
 PSYoungGen      total 378368K, used 18398K [0x00000000e0000000, 0x00000000f8e80000, 0x0000000100000000)
  eden space 357888K, 0% used [0x00000000e0000000,0x00000000e0000000,0x00000000f5d80000)
  from space 20480K, 89% used [0x00000000f7a80000,0x00000000f8c77aa0,0x00000000f8e80000)
  to   space 25088K, 0% used [0x00000000f5d80000,0x00000000f5d80000,0x00000000f7600000)
 ParOldGen       total 66560K, used 28090K [0x00000000a0000000, 0x00000000a4100000, 0x00000000e0000000)
  object space 66560K, 42% used [0x00000000a0000000,0x00000000a1b6ebf0,0x00000000a4100000)
 Metaspace       used 57543K, capacity 58944K, committed 59028K, reserved 1099776K
  class space    used 7746K, capacity 8161K, committed 8192K, reserved 1048576K
Event: 138.581 GC heap after
Heap after GC invocations=11 (full 3):
 PSYoungGen      total 378368K, used 0K [0x00000000e0000000, 0x00000000f8e80000, 0x0000000100000000)
  eden space 357888K, 0% used [0x00000000e0000000,0x00000000e0000000,0x00000000f5d80000)
  from space 20480K, 0% used [0x00000000f7a80000,0x00000000f7a80000,0x00000000f8e80000)
  to   space 25088K, 0% used [0x00000000f5d80000,0x00000000f5d80000,0x00000000f7600000)
 ParOldGen       total 92160K, used 32111K [0x00000000a0000000, 0x00000000a5a00000, 0x00000000e0000000)
  object space 92160K, 34% used [0x00000000a0000000,0x00000000a1f5bce0,0x00000000a5a00000)
 Metaspace       used 57543K, capacity 58944K, committed 59028K, reserved 1099776K
  class space    used 7746K, capacity 8161K, committed 8192K, reserved 1048576K
}

